<?xml version="1.0" encoding="UTF-8"?>
<!-- Generated by org.testng.reporters.JUnitReportReporter -->
<testsuite skipped="1" hostname="Dell-PC" name="com.fanniemae.testcases.DummyTestCase" tests="2" failures="0" timestamp="20 Jul 2017 18:12:27 GMT" time="0.329" errors="0">
  <testcase name="tc_LoginTestCase" time="0.329" classname="com.fanniemae.testcases.DummyTestCase"/>
  <testcase name="tc_NewAccountTestCase" classname="com.fanniemae.testcases.DummyTestCase">
    <skipped/>
  </testcase> <!-- tc_NewAccountTestCase -->
</testsuite> <!-- com.fanniemae.testcases.DummyTestCase -->
