<?xml version="1.0" encoding="UTF-8"?>
<!-- Generated by org.testng.reporters.JUnitReportReporter -->
<testsuite name="com.fanniemae.testcases.multiBrowsers" tests="1" time="4.640" ignored="0" failures="0" timestamp="13 Jul 2017 18:22:29 GMT" skipped="0" hostname="Dell-PC" errors="0">
  <testcase name="getalllinksOnHomePage" time="4.640" classname="com.fanniemae.testcases.multiBrowsers"/>
</testsuite> <!-- com.fanniemae.testcases.multiBrowsers -->
