<?xml version="1.0" encoding="UTF-8"?>
<!-- Generated by org.testng.reporters.JUnitReportReporter -->
<testsuite skipped="2" hostname="Dell-PC" name="com.fanniemae.testcases.SDET_Login_TestCase" tests="4" failures="0" timestamp="20 Jul 2017 08:01:14 GMT" time="44.127" errors="0">
  <testcase name="testKWDFrameworkSDETLogin" time="9.362" classname="com.fanniemae.testcases.SDET_Login_TestCase"/>
  <testcase name="test_DDT_SDETLogin" time="34.765" classname="com.fanniemae.testcases.SDET_Login_TestCase"/>
  <testcase name="testBeginnerSDETLogin" classname="com.fanniemae.testcases.SDET_Login_TestCase">
    <skipped/>
  </testcase> <!-- testBeginnerSDETLogin -->
  <testcase name="testFrameworkSDETLogin" classname="com.fanniemae.testcases.SDET_Login_TestCase">
    <skipped/>
  </testcase> <!-- testFrameworkSDETLogin -->
</testsuite> <!-- com.fanniemae.testcases.SDET_Login_TestCase -->
