<?xml version="1.0" encoding="UTF-8"?>
<!-- Generated by org.testng.reporters.JUnitReportReporter -->
<testsuite name="com.fanniemae.testcases.multiBrowsers" tests="4" time="5.176" ignored="0" failures="0" timestamp="17 Jul 2017 09:45:27 GMT" skipped="0" hostname="Dell-PC" errors="0">
  <testcase name="ChromeHomePage" time="0.013" classname="com.fanniemae.testcases.multiBrowsers"/>
  <testcase name="FirefoxHomePage" time="0.001" classname="com.fanniemae.testcases.multiBrowsers"/>
  <testcase name="IEHomePage" time="0.001" classname="com.fanniemae.testcases.multiBrowsers"/>
  <testcase name="getalllinksOnHomePage" time="5.161" classname="com.fanniemae.testcases.multiBrowsers"/>
</testsuite> <!-- com.fanniemae.testcases.multiBrowsers -->
